<?xml version="1.0" encoding="UTF-8"?>
<!-- Generated by org.testng.reporters.JUnitReportReporter -->
<testsuite hostname="LAPTOP-2TR45I3K" failures="0" tests="1" name="Academy.ValidateCartPageTitle" time="2.429" errors="0" timestamp="2021-09-27T19:16:38 IST" skipped="0">
  <testcase classname="Academy.ValidateCartPageTitle" name="validatePageTitle" time="2.429"/>
  <system-out/>
</testsuite> <!-- Academy.ValidateCartPageTitle -->
