<?xml version="1.0" encoding="UTF-8"?>
<!-- Generated by org.testng.reporters.JUnitReportReporter -->
<testsuite hostname="LAPTOP-2TR45I3K" failures="0" tests="1" name="resources.base" time="8.687" errors="0" timestamp="2021-09-08T21:47:42 IST" skipped="0">
  <testcase classname="resources.base" name="initialize" time="8.687"/>
  <system-out/>
</testsuite> <!-- resources.base -->
