<?xml version="1.0" encoding="UTF-8"?>
<!-- Generated by org.testng.reporters.JUnitReportReporter -->
<testsuite hostname="LAPTOP-2TR45I3K" failures="0" tests="2" name="Academy.UserLoginValidation" time="17.386" errors="0" timestamp="2021-09-27T19:16:38 IST" skipped="0">
  <testcase classname="Academy.UserLoginValidation" name="loginValidation" time="5.774"/>
  <system-out/>
  <testcase classname="Academy.UserLoginValidation" name="loginValidation" time="11.612"/>
  <system-out/>
</testsuite> <!-- Academy.UserLoginValidation -->
