<?xml version="1.0" encoding="UTF-8"?>
<!-- Generated by org.testng.reporters.JUnitReportReporter -->
<testsuite skipped="0" hostname="LAPTOP-2TR45I3K" name="Academy.ValidateCartPageTitle" tests="1" failures="0" timestamp="2021-09-18T11:52:24 IST" time="1.006" errors="0">
  <testcase name="validatePageTitle" time="1.006" classname="Academy.ValidateCartPageTitle"/>
  <system-out/>
</testsuite> <!-- Academy.ValidateCartPageTitle -->
