<?xml version="1.0" encoding="UTF-8"?>
<!-- Generated by org.testng.reporters.JUnitReportReporter -->
<testsuite skipped="0" hostname="LAPTOP-2TR45I3K" name="Academy.UserLoginValidation" tests="2" failures="0" timestamp="2021-09-18T11:52:24 IST" time="14.297" errors="0">
  <testcase name="loginValidation" time="5.840" classname="Academy.UserLoginValidation"/>
  <system-out/>
  <testcase name="loginValidation" time="8.457" classname="Academy.UserLoginValidation"/>
  <system-out/>
</testsuite> <!-- Academy.UserLoginValidation -->
